TN:
SF:src/ServiceManager.sol
FN:79,ServiceManager.onlyAggregator
FNDA:0,ServiceManager.onlyAggregator
DA:80,0
BRDA:80,0,0,-
DA:81,0
FN:86,ServiceManager.onlyPermissionedOperator
FNDA:19,ServiceManager.onlyPermissionedOperator
DA:87,19
BRDA:87,1,0,1
DA:88,1
FN:93,ServiceManager.
FNDA:37,ServiceManager.
DA:94,37
FN:97,ServiceManager.initialize
FNDA:36,ServiceManager.initialize
DA:105,36
DA:106,36
DA:107,36
DA:108,36
DA:109,36
DA:110,36
FN:118,ServiceManager.setAggregator
FNDA:0,ServiceManager.setAggregator
DA:121,0
DA:122,0
FN:130,ServiceManager.setDelegationManager
FNDA:0,ServiceManager.setDelegationManager
DA:133,0
DA:134,0
FN:142,ServiceManager.setStakeRegistry
FNDA:0,ServiceManager.setStakeRegistry
DA:145,0
DA:146,0
FN:154,ServiceManager.setAVSDirectory
FNDA:0,ServiceManager.setAVSDirectory
DA:157,0
DA:158,0
FN:166,ServiceManager.setThresholdStake
FNDA:0,ServiceManager.setThresholdStake
DA:169,0
DA:170,0
FN:178,ServiceManager.setMetadataURI
FNDA:0,ServiceManager.setMetadataURI
DA:181,0
FN:189,ServiceManager.addPermissionedOperators
FNDA:14,ServiceManager.addPermissionedOperators
DA:192,14
DA:193,28
FN:202,ServiceManager.removePermissionedOperators
FNDA:0,ServiceManager.removePermissionedOperators
DA:205,0
DA:206,0
FN:215,ServiceManager.rotatePredicateSigningKey
FNDA:3,ServiceManager.rotatePredicateSigningKey
DA:216,3
BRDA:216,2,0,1
BRDA:216,2,1,2
DA:220,2
BRDA:220,3,0,1
BRDA:220,3,1,1
DA:224,1
DA:225,1
FN:233,ServiceManager.registerOperatorToAVS
FNDA:19,ServiceManager.registerOperatorToAVS
DA:237,18
BRDA:237,4,0,1
BRDA:237,4,1,17
DA:241,17
DA:242,17
DA:243,1
DA:245,1
DA:249,17
BRDA:249,5,0,17
DA:250,17
DA:251,17
DA:252,17
DA:258,17
DA:259,17
FN:267,ServiceManager.deregisterOperatorFromAVS
FNDA:2,ServiceManager.deregisterOperatorFromAVS
DA:270,1
BRDA:270,6,0,-
BRDA:270,6,1,1
DA:274,1
DA:275,1
DA:276,1
FN:284,ServiceManager.deployPolicy
FNDA:39,ServiceManager.deployPolicy
DA:289,39
BRDA:289,7,0,1
BRDA:289,7,1,38
DA:290,38
DA:291,38
DA:292,38
DA:293,38
FN:301,ServiceManager.deploySocialGraph
FNDA:3,ServiceManager.deploySocialGraph
DA:302,3
BRDA:302,8,0,1
BRDA:302,8,1,2
DA:305,2
DA:306,2
DA:307,2
FN:314,ServiceManager.getDeployedPolicies
FNDA:0,ServiceManager.getDeployedPolicies
DA:315,0
FN:322,ServiceManager.getSocialGraphIDs
FNDA:0,ServiceManager.getSocialGraphIDs
DA:323,0
FN:330,ServiceManager.setPolicy
FNDA:37,ServiceManager.setPolicy
DA:333,37
DA:334,37
FN:341,ServiceManager.removePolicy
FNDA:0,ServiceManager.removePolicy
DA:344,0
DA:345,0
FN:354,ServiceManager.validateSignatures
FNDA:11,ServiceManager.validateSignatures
DA:359,11
BRDA:359,9,0,-
BRDA:359,9,1,11
DA:362,11
BRDA:362,10,0,-
BRDA:362,10,1,11
DA:363,11
BRDA:363,11,0,-
BRDA:363,11,1,11
DA:364,11
BRDA:364,12,0,4
BRDA:364,12,1,7
DA:366,7
DA:367,7
BRDA:367,13,0,-
BRDA:367,13,1,7
DA:372,7
DA:373,7
DA:374,7
BRDA:374,14,0,-
DA:375,0
DA:377,7
DA:378,7
BRDA:378,15,0,2
BRDA:378,15,1,5
DA:379,5
DA:380,5
BRDA:380,16,0,-
BRDA:380,16,1,5
DA:382,5
DA:386,5
DA:397,5
DA:398,5
FN:407,ServiceManager.addStrategy
FNDA:9,ServiceManager.addStrategy
DA:408,8
DA:409,8
DA:410,8
BRDA:410,17,0,1
DA:411,1
DA:413,7
DA:414,7
FN:421,ServiceManager.removeStrategy
FNDA:2,ServiceManager.removeStrategy
DA:424,1
DA:425,2
BRDA:425,18,0,1
DA:426,1
DA:427,1
DA:428,1
DA:429,1
DA:432,1
FN:443,ServiceManager.getRestakeableStrategies
FNDA:0,ServiceManager.getRestakeableStrategies
DA:444,0
FN:454,ServiceManager.getOperatorRestakedStrategies
FNDA:0,ServiceManager.getOperatorRestakedStrategies
DA:457,0
DA:458,0
DA:459,0
DA:460,0
BRDA:460,19,0,-
DA:461,0
DA:462,0
DA:465,0
FN:478,ServiceManager.updateOperatorsForQuorum
FNDA:3,ServiceManager.updateOperatorsForQuorum
DA:479,3
BRDA:479,20,0,1
DA:480,1
DA:482,2
DA:483,2
DA:484,2
DA:485,2
DA:486,2
DA:487,2
DA:488,2
DA:489,2
DA:490,2
BRDA:490,21,0,1
DA:491,1
DA:493,1
DA:494,1
DA:495,1
DA:499,1
DA:502,1
DA:503,1
DA:506,1
DA:510,1
DA:513,1
FN:521,ServiceManager.hashTaskWithExpiry
FNDA:4,ServiceManager.hashTaskWithExpiry
DA:524,11
FNF:28
FNH:15
LF:121
LH:93
BRF:35
BRH:26
end_of_record
TN:
SF:src/examples/MetaCoin.sol
FN:20,MetaCoin.
FNDA:1,MetaCoin.
DA:21,1
DA:22,1
DA:23,1
FN:26,MetaCoin.sendCoin
FNDA:1,MetaCoin.sendCoin
DA:27,1
DA:28,1
BRDA:28,0,0,-
BRDA:28,0,1,1
DA:31,1
FN:38,MetaCoin.setPolicy
FNDA:1,MetaCoin.setPolicy
DA:41,1
DA:42,1
FN:49,MetaCoin.setPredicateManager
FNDA:1,MetaCoin.setPredicateManager
DA:52,1
FN:56,MetaCoin._sendCoin
FNDA:1,MetaCoin._sendCoin
DA:57,1
BRDA:57,1,0,-
BRDA:57,1,1,1
DA:58,1
DA:59,1
DA:60,1
FN:63,MetaCoin.getBalance
FNDA:2,MetaCoin.getBalance
DA:66,2
FNF:6
FNH:6
LF:14
LH:14
BRF:4
BRH:2
end_of_record
TN:
SF:src/mixins/PredicateClient.sol
FN:17,PredicateClient.onlyPredicateServiceManager
FNDA:2,PredicateClient.onlyPredicateServiceManager
DA:18,2
BRDA:18,0,0,1
DA:19,1
FN:24,PredicateClient._authorizeTransaction
FNDA:1,PredicateClient._authorizeTransaction
DA:28,1
DA:39,1
FNF:2
FNH:2
LF:4
LH:4
BRF:1
BRH:1
end_of_record
TN:
SF:test/helpers/DummyToken.sol
FN:7,DummyToken.
FNDA:0,DummyToken.
DA:10,0
FNF:1
FNH:0
LF:1
LH:0
BRF:0
BRH:0
end_of_record
TN:
SF:test/helpers/MockAVSDirectory.sol
FN:15,MockAVSDirectory.registerOperatorToAVS
FNDA:0,MockAVSDirectory.registerOperatorToAVS
DA:20,0
FN:23,MockAVSDirectory.deregisterOperatorFromAVS
FNDA:0,MockAVSDirectory.deregisterOperatorFromAVS
DA:27,0
FN:30,MockAVSDirectory.updateAVSMetadataURI
FNDA:0,MockAVSDirectory.updateAVSMetadataURI
FN:34,MockAVSDirectory.calculateOperatorAVSRegistrationDigestHash
FNDA:0,MockAVSDirectory.calculateOperatorAVSRegistrationDigestHash
DA:42,0
DA:43,0
FNF:4
FNH:0
LF:4
LH:0
BRF:0
BRH:0
end_of_record
TN:
SF:test/helpers/MockClient.sol
FN:13,MockClient.
FNDA:35,MockClient.
DA:16,35
DA:17,35
FN:20,MockClient.incrementCounter
FNDA:2,MockClient.incrementCounter
DA:21,1
FN:28,MockClient.setPolicy
FNDA:37,MockClient.setPolicy
DA:31,36
DA:32,36
FN:39,MockClient.setPredicateManager
FNDA:35,MockClient.setPredicateManager
DA:42,35
FN:45,MockClient.
FNDA:0,MockClient.
DA:46,0
FNF:5
FNH:4
LF:7
LH:6
BRF:0
BRH:0
end_of_record
TN:
SF:test/helpers/MockDelegationManager.sol
FN:11,MockDelegationManager.
FNDA:36,MockDelegationManager.
FNF:1
FNH:1
LF:0
LH:0
BRF:0
BRH:0
end_of_record
TN:
SF:test/helpers/MockProxy.sol
FN:9,MockProxy.
FNDA:72,MockProxy.
FNF:1
FNH:1
LF:0
LH:0
BRF:0
BRH:0
end_of_record
TN:
SF:test/helpers/MockProxyAdmin.sol
FN:8,MockProxyAdmin.
FNDA:72,MockProxyAdmin.
FNF:1
FNH:1
LF:0
LH:0
BRF:0
BRH:0
end_of_record
TN:
SF:test/helpers/MockStakeRegistry.sol
FN:14,MockStakeRegistry.strategyParamsByIndex
FNDA:8,MockStakeRegistry.strategyParamsByIndex
DA:15,8
BRDA:15,0,0,5
DA:16,5
DA:19,3
FNF:1
FNH:1
LF:3
LH:3
BRF:1
BRH:1
end_of_record
TN:
SF:test/helpers/MockStrategyManager.sol
FN:8,MockStrategyManager.getDeposits
FNDA:30,MockStrategyManager.getDeposits
DA:11,30
DA:12,30
DA:13,30
FNF:1
FNH:1
LF:3
LH:3
BRF:0
BRH:0
end_of_record
TN:
SF:test/helpers/eigenlayer/DelegationManagerStorage.sol
FN:107,DelegationManagerStorage.
FNDA:36,DelegationManagerStorage.
DA:108,36
DA:109,36
DA:110,36
FNF:1
FNH:1
LF:3
LH:3
BRF:0
BRH:0
end_of_record
TN:
SF:test/helpers/utility/STMSetup.sol
FN:11,STMSetup.setUp
FNDA:1,STMSetup.setUp
DA:12,1
DA:13,1
DA:14,1
DA:16,1
DA:17,1
DA:19,1
DA:22,1
DA:24,1
DA:25,1
DA:26,1
DA:27,1
DA:29,1
DA:37,1
DA:39,1
DA:40,1
DA:45,1
DA:47,1
DA:48,1
DA:49,1
DA:50,1
DA:52,1
DA:53,1
DA:55,1
DA:56,1
DA:57,1
DA:58,1
DA:59,1
FNF:1
FNH:1
LF:27
LH:27
BRF:0
BRH:0
end_of_record
TN:
SF:test/helpers/utility/ServiceManagerSetup.sol
FN:8,ServiceManagerSetup.setUp
FNDA:35,ServiceManagerSetup.setUp
DA:9,35
DA:10,35
DA:11,35
DA:13,35
DA:14,35
DA:16,35
DA:19,35
DA:21,35
DA:22,35
DA:23,35
DA:24,35
DA:26,35
DA:34,35
DA:36,35
DA:37,35
DA:42,35
DA:44,35
DA:45,35
DA:46,35
DA:47,35
DA:48,35
DA:49,35
DA:50,35
DA:51,35
FNF:1
FNH:1
LF:24
LH:24
BRF:0
BRH:0
end_of_record
TN:
SF:test/helpers/utility/TestPrep.sol
FN:9,TestPrep.prepOperatorRegistration
FNDA:2,TestPrep.prepOperatorRegistration
DA:12,2
DA:13,2
DA:19,2
DA:23,2
DA:24,2
DA:26,2
DA:31,2
DA:33,2
DA:34,2
DA:35,0
BRDA:35,0,0,-
DA:36,0
DA:38,2
DA:40,2
DA:41,2
DA:47,2
DA:51,2
DA:52,2
DA:54,2
DA:60,2
DA:61,2
DA:62,2
DA:63,0
BRDA:63,1,0,-
DA:64,0
DA:65,0
DA:67,2
FNF:1
FNH:1
LF:25
LH:20
BRF:2
BRH:0
end_of_record
TN:
SF:test/helpers/utility/TestUtils.sol
FN:7,TestUtils.bytes32ToString
FNDA:0,TestUtils.bytes32ToString
DA:10,0
DA:11,0
DA:12,0
DA:13,0
DA:14,0
DA:16,0
DA:17,0
DA:18,0
DA:21,0
FN:24,TestUtils.toByte
FNDA:0,TestUtils.toByte
DA:27,0
BRDA:27,0,0,-
BRDA:27,0,1,-
DA:28,0
DA:30,0
FN:34,TestUtils.hashTaskSTM
FNDA:1,TestUtils.hashTaskSTM
DA:37,1
FNF:3
FNH:1
LF:13
LH:1
BRF:2
BRH:0
end_of_record
TN:
SF:test/mocks/EmptyContract.sol
FN:5,EmptyContract.foo
FNDA:0,EmptyContract.foo
DA:6,0
FNF:1
FNH:0
LF:1
LH:0
BRF:0
BRH:0
end_of_record
